- naive

- implicit block list (IBL)
-- first_fit: 44 (util) + 16 (thru) = 60/100
-- best_fit:  45 (util) + 17 (thru) = 62/100
-- next_fit:  43 (util) + 40 (thru) = 83/100

- enhanced IBL (allocated block emit footer)
-- first_fit: 44 (util) + 18 (thru) = 62/100
-- best_fit:  45 (util) + 16 (thru) = 61/100
-- next_fit:  42 (util) + 40 (thru) = 82/100

- explicit free block list (LIFO)
-- first_fit: 42 (util) + 40 (thru) = 82/100
-- best_fit:  45 (util) + 40 (thru) = 85/100  (86 enhanced realloc, 88 avoid init trap)
-- next_fit:  43 (util) + 40 (thru) = 83/100

- explicit free block list (addr order)
-- first_fit: 44 (util) + 35 (thru) = 79/100
-- best_fit:  45 (util) + 35 (thru) = 80/100

- segregated fit
-- 3 [1024, 4096]: 
    44 (util) + 40 (thru) = 84/100
    45 (util) + 40 (thru) = 85/100  (enhanced realloc)
-- 9 [32, 64, 128, 256, 512, 1024, 2048, 4096]:
    43 (util) + 40 (thru) = 83/100
    45 (util) + 40 (thru) = 85/100  (enhanced realloc)